{
  "summary": {
    "total": 1750,
    "passed": 1309,
    "failed": 242,
    "errors": 175,
    "skipped": 24,
    "pass_rate": 74.8
  },
  "patterns": [
    {
      "category": "QualityScore Integration",
      "failure_type": "AssertionError / AttributeError",
      "count": 24,
      "example_test": "tests/integration/phase2_curation/test_curation_endpoints.py::TestQualityAnalysisEndpoint::test_quality_analysis_success",
      "example_error": "Tests expect dict but receive QualityScore domain object",
      "fix_approach": "Update tests to handle QualityScore domain objects, use .overall_score() method",
      "priority": "Critical",
      "effort": "Medium",
      "affected_files": [
        "tests/unit/phase9_quality/test_degradation_monitoring.py",
        "tests/unit/test_celery_tasks.py",
        "tests/integration/phase9_quality/test_quality_integration.py",
        "tests/integration/phase9_quality/test_quality_endpoints_simple.py",
        "tests/unit/phase11_recommendations/test_hybrid_recommendations.py",
        "tests/integration/phase9_quality/test_quality_api_endpoints.py",
        "tests/unit/phase9_quality/test_quality_service.py",
        "tests/ml_benchmarks/test_search_quality_metrics.py",
        "tests/integration/phase2_curation/test_curation_endpoints.py",
        "tests/unit/phase2_curation/test_curation_service.py",
        "tests/integration/workflows/test_integration.py"
      ]
    },
    {
      "category": "Search Integration",
      "failure_type": "AssertionError / TypeError",
      "count": 36,
      "example_test": "tests/api/test_phase3_search_api.py::test_post_search_basic_total_and_items",
      "example_error": "Tests expect dict but receive SearchResult domain object",
      "fix_approach": "Update tests to handle SearchResult domain objects",
      "priority": "High",
      "effort": "Medium",
      "affected_files": [
        "tests/unit/training/test_hyperparameter_search.py",
        "tests/integration/phase3_search/test_enhanced_search_api.py",
        "tests/integration/phase4_hybrid_search/test_phase4_hybrid_search.py",
        "tests/api/test_phase3_search_api.py",
        "tests/integration/phase7_collections/test_phase7_5_annotations.py",
        "tests/unit/phase3_search/test_search_service.py",
        "tests/performance/test_ml_latency.py",
        "tests/services/test_search_service.py",
        "tests/domain/test_domain_search.py",
        "tests/integration/phase5_graph/test_phase55_recommendations.py",
        "tests/ml_benchmarks/test_search_quality_metrics.py",
        "tests/services/test_search_metrics_service.py",
        "tests/integration/phase3_search/test_phase3_search_api.py",
        "tests/unit/phase4_hybrid_search/test_sparse_embedding_service.py"
      ]
    },
    {
      "category": "Classification Integration",
      "failure_type": "AssertionError / TypeError",
      "count": 41,
      "example_test": "tests/integration/phase1_ingestion/test_resource_ingestion_classification.py::test_classification_triggered_during_ingestion",
      "example_error": "Tests expect dict but receive ClassificationResult domain object",
      "fix_approach": "Update tests to handle ClassificationResult domain objects",
      "priority": "High",
      "effort": "Medium",
      "affected_files": [
        "tests/integration/training/test_classification_training.py",
        "tests/integration/phase1_ingestion/test_resource_ingestion_classification.py",
        "tests/integration/phase8_classification/test_classification_endpoints.py",
        "tests/integration/workflows/test_api_endpoints.py",
        "tests/services/test_ml_classification_cqs.py",
        "tests/integration/phase8_classification/test_phase8_api_endpoints.py",
        "tests/unit/phase8_classification/test_ml_classification_model_loading.py",
        "tests/unit/phase8_classification/test_ml_classification_service_basic.py",
        "tests/unit/phase8_classification/test_ml_training.py",
        "tests/unit/phase8_classification/test_taxonomy_classification_standalone.py",
        "tests/unit/core/test_resource_service.py",
        "tests/unit/phase8_classification/test_ml_classification_service.py",
        "tests/integration/phase8_classification/test_phase8_5_integration.py",
        "tests/integration/workflows/test_integration.py"
      ]
    },
    {
      "category": "Recommendation Integration",
      "failure_type": "ImportError / FixtureError",
      "count": 65,
      "example_test": "tests/integration/phase10_graph_intelligence/test_phase10_integration.py::TestRecommendationIntegration::test_graph_based_recommendations",
      "example_error": "Fixture or import errors in recommendation tests",
      "fix_approach": "Fix fixture dependencies and imports",
      "priority": "High",
      "effort": "Small",
      "affected_files": [
        "tests/unit/phase9_quality/test_recommendation_quality_integration.py",
        "tests/integration/phase11_recommendations/test_recommendation_api.py",
        "tests/integration/phase10_graph_intelligence/test_phase10_integration.py",
        "tests/unit/phase11_recommendations/test_collaborative_filtering.py",
        "tests/integration/phase5_graph/test_phase55_recommendations.py"
      ]
    },
    {
      "category": "Graph/Discovery Integration",
      "failure_type": "ImportError / FixtureError",
      "count": 23,
      "example_test": "tests/integration/phase10_graph_intelligence/test_phase10_integration.py::TestEndToEndDiscoveryWorkflow::test_complete_workflow",
      "example_error": "Fixture or import errors in graph/discovery tests",
      "fix_approach": "Fix fixture dependencies and imports",
      "priority": "High",
      "effort": "Small",
      "affected_files": [
        "tests/unit/phase9_quality/test_recommendation_quality_integration.py",
        "tests/integration/phase10_graph_intelligence/test_phase10_integration.py",
        "tests/integration/phase5_graph/test_phase55_recommendations.py"
      ]
    },
    {
      "category": "Database Schema",
      "failure_type": "AssertionError",
      "count": 3,
      "example_test": "tests/database/test_database_schema.py::test_database_initialization_helper",
      "example_error": "Database schema or initialization issues",
      "fix_approach": "Update database schema tests and initialization helpers",
      "priority": "Medium",
      "effort": "Small",
      "affected_files": [
        "tests/database/test_schema_verification.py",
        "tests/database/test_database_schema.py",
        "tests/integration/workflows/test_api_endpoints.py"
      ]
    },
    {
      "category": "Discovery Hypothesis Compatibility",
      "failure_type": "AssertionError",
      "count": 3,
      "example_test": "tests/unit/test_discovery_hypothesis_compatibility.py::TestDiscoveryHypothesisCompatibility::test_backward_compatibility_properties",
      "example_error": "Backward compatibility issues with discovery/hypothesis fields",
      "fix_approach": "Update compatibility layer for new field names",
      "priority": "Medium",
      "effort": "Small",
      "affected_files": [
        "tests/unit/test_discovery_hypothesis_compatibility.py"
      ]
    },
    {
      "category": "Training/ML",
      "failure_type": "AssertionError / ImportError",
      "count": 10,
      "example_test": "tests/integration/training/test_ab_testing.py::TestABTestingFramework::test_prediction_logging",
      "example_error": "Training and hyperparameter search test failures",
      "fix_approach": "Fix ML model mocking and training test setup",
      "priority": "Low",
      "effort": "Medium",
      "affected_files": [
        "tests/unit/training/test_hyperparameter_search.py",
        "tests/integration/training/test_classification_training.py",
        "tests/unit/training/test_error_handling.py",
        "tests/unit/phase8_classification/test_ml_training.py",
        "tests/integration/training/test_ab_testing.py"
      ]
    },
    {
      "category": "Celery Tasks",
      "failure_type": "AssertionError",
      "count": 1,
      "example_test": "tests/unit/test_celery_tasks.py::TestRecomputeQualityTask::test_successful_quality_recomputation",
      "example_error": "Celery task test failures",
      "fix_approach": "Update Celery task tests for domain objects",
      "priority": "Medium",
      "effort": "Small",
      "affected_files": [
        "tests/unit/test_celery_tasks.py"
      ]
    },
    {
      "category": "API Endpoints",
      "failure_type": "AssertionError",
      "count": 7,
      "example_test": "tests/api/test_phase2_curation_api.py::TestResourcesCRUDAndList::test_update_resource_partial",
      "example_error": "API response serialization issues with domain objects",
      "fix_approach": "Update API tests to handle domain object serialization",
      "priority": "Critical",
      "effort": "Small",
      "affected_files": [
        "tests/integration/phase10_graph_intelligence/test_phase10_discovery_api.py",
        "tests/api/test_phase2_curation_api.py"
      ]
    },
    {
      "category": "Domain Validation",
      "failure_type": "ValidationError",
      "count": 2,
      "example_test": "tests/domain/test_domain_search.py::TestSearchQuery::test_query_text_validation_empty",
      "example_error": "Domain object validation not raising expected errors",
      "fix_approach": "Update domain object validation logic",
      "priority": "Low",
      "effort": "Small",
      "affected_files": [
        "tests/domain/test_domain_search.py"
      ]
    },
    {
      "category": "Performance Tests",
      "failure_type": "ImportError / FixtureError",
      "count": 13,
      "example_test": "tests/integration/phase5_graph/test_phase55_recommendations.py::TestPerformance::test_large_library_performance",
      "example_error": "Performance test fixture or import errors",
      "fix_approach": "Fix performance test fixtures and dependencies",
      "priority": "Low",
      "effort": "Small",
      "affected_files": [
        "tests/performance/phase9_quality/test_quality_performance.py",
        "tests/integration/phase5_graph/test_phase55_recommendations.py"
      ]
    },
    {
      "category": "Integration Tests",
      "failure_type": "ImportError / FixtureError",
      "count": 42,
      "example_test": "tests/integration/phase1_ingestion/test_resource_ingestion_classification.py::test_classification_executes_after_embeddings",
      "example_error": "Integration test fixture or import errors",
      "fix_approach": "Fix integration test fixtures and dependencies",
      "priority": "High",
      "effort": "Medium",
      "affected_files": [
        "tests/integration/phase6_citations/test_phase6_5_scholarly.py",
        "tests/integration/phase9_quality/test_quality_workflows_integration.py",
        "tests/integration/phase9_quality/test_quality_api_endpoints.py",
        "tests/integration/phase1_ingestion/test_resource_ingestion_classification.py"
      ]
    }
  ],
  "failed_tests": [
    "tests/api/test_phase2_curation_api.py::TestResourcesCRUDAndList::test_update_resource_partial",
    "tests/api/test_phase3_search_api.py::test_post_search_basic_total_and_items",
    "tests/api/test_phase3_search_api.py::test_search_filters_and_sorting",
    "tests/api/test_phase3_search_api.py::test_search_subject_any_all",
    "tests/api/test_phase3_search_api.py::test_search_facets_present",
    "tests/database/test_database_schema.py::test_database_initialization_helper",
    "tests/database/test_schema_verification.py::TestDatabaseInitializationHelper::test_helper_recreates_schema_if_fields_missing",
    "tests/domain/test_domain_search.py::TestSearchQuery::test_query_text_validation_empty",
    "tests/domain/test_domain_search.py::TestSearchQuery::test_query_text_validation_whitespace",
    "tests/integration/phase10_graph_intelligence/test_phase10_discovery_api.py::TestDiscoveryAPIEndpoints::test_open_discovery_success",
    "tests/integration/phase10_graph_intelligence/test_phase10_discovery_api.py::TestDiscoveryAPIEndpoints::test_open_discovery_not_found",
    "tests/integration/phase10_graph_intelligence/test_phase10_discovery_api.py::TestDiscoveryAPIEndpoints::test_closed_discovery_success",
    "tests/integration/phase10_graph_intelligence/test_phase10_discovery_api.py::TestDiscoveryAPIEndpoints::test_neighbors_endpoint",
    "tests/integration/phase10_graph_intelligence/test_phase10_discovery_api.py::TestDiscoveryAPIEndpoints::test_list_hypotheses",
    "tests/integration/phase10_graph_intelligence/test_phase10_discovery_api.py::TestDiscoveryAPIEndpoints::test_validate_hypothesis",
    "tests/integration/phase1_ingestion/test_async_ingestion.py::TestPendingResourceCreation::test_create_pending_resource_success",
    "tests/integration/phase1_ingestion/test_async_ingestion.py::TestBackgroundIngestion::test_process_ingestion_success",
    "tests/integration/phase1_ingestion/test_async_ingestion.py::TestBackgroundIngestion::test_process_ingestion_fetch_error",
    "tests/integration/phase1_ingestion/test_async_ingestion.py::TestBackgroundIngestion::test_process_ingestion_ai_error",
    "tests/integration/phase1_ingestion/test_async_ingestion.py::TestBackgroundIngestion::test_process_ingestion_nonexistent_resource",
    "tests/integration/phase1_ingestion/test_async_ingestion.py::TestBackgroundIngestion::test_process_ingestion_custom_ai_core",
    "tests/integration/phase1_ingestion/test_async_ingestion.py::TestAsyncIngestionIntegration::test_async_ingestion_flow",
    "tests/integration/phase1_ingestion/test_async_ingestion.py::TestAsyncIngestionIntegration::test_async_ingestion_failure_flow",
    "tests/integration/phase1_ingestion/test_async_ingestion.py::TestAsyncIngestionIntegration::test_multiple_concurrent_ingestions",
    "tests/integration/phase1_ingestion/test_async_ingestion.py::TestSparseEmbeddingIntegration::test_sparse_embedding_generated_during_ingestion",
    "tests/integration/phase1_ingestion/test_async_ingestion.py::TestSparseEmbeddingIntegration::test_sparse_embedding_failure_does_not_block_ingestion",
    "tests/integration/phase1_ingestion/test_async_ingestion.py::TestSparseEmbeddingIntegration::test_sparse_embedding_with_empty_content",
    "tests/integration/phase1_ingestion/test_pdf_ingestion.py::TestPDFIngestionFlow::test_pdf_ingestion_via_api",
    "tests/integration/phase1_ingestion/test_pdf_ingestion.py::TestPDFIngestionFlow::test_pdf_ingestion_by_url_extension",
    "tests/integration/phase1_ingestion/test_pdf_ingestion.py::TestPDFIngestionFlow::test_pdf_ingestion_by_file_signature",
    "tests/integration/phase1_ingestion/test_pdf_ingestion.py::TestPDFIngestionFlow::test_pdf_extraction_failure_handling",
    "tests/integration/phase1_ingestion/test_pdf_ingestion.py::TestPDFIngestionWithAI::test_pdf_ingestion_with_ai_summarization",
    "tests/integration/phase1_ingestion/test_pdf_ingestion.py::TestPDFIngestionWithAI::test_pdf_ingestion_ai_failure_fallback",
    "tests/integration/phase1_ingestion/test_phase1_ingestion.py::test_ingestion_pipeline_writes_archive_and_persists",
    "tests/integration/phase1_ingestion/test_phase1_ingestion.py::test_api_endpoint_validation",
    "tests/integration/phase1_ingestion/test_resource_ingestion_classification.py::test_classification_triggered_during_ingestion",
    "tests/integration/phase1_ingestion/test_resource_ingestion_classification.py::test_classification_failure_does_not_block_ingestion",
    "tests/integration/phase2_curation/test_curation_endpoints.py::TestQualityAnalysisEndpoint::test_quality_analysis_success",
    "tests/integration/phase3_search/test_enhanced_search_api.py::TestEnhancedSearchEndpoint::test_search_with_filters_and_snippets",
    "tests/integration/phase3_search/test_enhanced_search_api.py::TestEnhancedSearchEndpoint::test_search_without_text_query",
    "tests/integration/phase3_search/test_enhanced_search_api.py::TestEnhancedSearchEndpoint::test_complex_query_combinations",
    "tests/integration/phase3_search/test_phase3_search_api.py::test_search_filters_and_sorting",
    "tests/integration/phase3_search/test_phase3_search_api.py::test_search_subject_any_all",
    "tests/integration/phase3_search/test_phase3_search_api.py::test_search_facets_present",
    "tests/integration/phase4_hybrid_search/test_phase4_hybrid_search.py::TestSearchIntegration::test_fallback_when_numpy_unavailable",
    "tests/integration/phase5_graph/test_phase55_recommendations.py::TestCosineSimilarity::test_opposite_vectors",
    "tests/integration/phase5_graph/test_phase55_recommendations.py::TestCosineSimilarity::test_score_clamping",
    "tests/integration/phase5_graph/test_phase55_recommendations.py::TestVectorConversion::test_to_numpy_vector_valid",
    "tests/integration/phase5_graph/test_phase55_recommendations.py::TestVectorConversion::test_to_numpy_vector_empty",
    "tests/integration/phase5_graph/test_phase55_recommendations.py::TestVectorConversion::test_to_numpy_vector_none",
    "tests/integration/phase5_graph/test_phase55_recommendations.py::TestVectorConversion::test_to_numpy_vector_invalid",
    "tests/integration/phase5_graph/test_phase55_recommendations.py::TestUserProfileGeneration::test_generate_profile_with_embeddings",
    "tests/integration/phase5_graph/test_phase55_recommendations.py::TestUserProfileGeneration::test_generate_profile_empty_library",
    "tests/integration/phase5_graph/test_phase55_recommendations.py::TestUserProfileGeneration::test_generate_profile_no_embeddings",
    "tests/integration/phase5_graph/test_phase55_recommendations.py::TestTopSubjectsExtraction::test_get_top_subjects",
    "tests/integration/phase5_graph/test_phase55_recommendations.py::TestEdgeCases::test_search_provider_failure",
    "tests/integration/phase5_graph/test_phase55_recommendations.py::test_recommendations_endpoint_basic",
    "tests/integration/phase5_graph/test_phase55_recommendations.py::test_profile_sensitivity",
    "tests/integration/phase6_citations/test_phase6_5_scholarly.py::TestEquationExtraction::test_normalize_latex",
    "tests/integration/phase7_collections/test_phase7_5_annotations.py::TestAnnotationIntegration::test_search_includes_annotations",
    "tests/integration/phase7_collections/test_phase7_5_annotations.py::TestAnnotationIntegration::test_collection_annotation_counts",
    "tests/integration/phase7_collections/test_phase7_collections.py::TestCollectionCreation::test_create_collection_with_parent",
    "tests/integration/phase7_collections/test_phase7_collections.py::TestCollectionCreation::test_create_collection_invalid_name",
    "tests/integration/phase7_collections/test_phase7_collections.py::TestCollectionCreation::test_create_collection_invalid_visibility",
    "tests/integration/phase7_collections/test_phase7_collections.py::TestCollectionAccess::test_get_private_collection_as_owner",
    "tests/integration/phase7_collections/test_phase7_collections.py::TestCollectionAccess::test_get_private_collection_as_non_owner",
    "tests/integration/phase7_collections/test_phase7_collections.py::TestCollectionAccess::test_get_public_collection",
    "tests/integration/phase7_collections/test_phase7_collections.py::TestResourceMembership::test_add_resources",
    "tests/integration/phase7_collections/test_phase7_collections.py::TestResourceMembership::test_add_resources_duplicate",
    "tests/integration/phase7_collections/test_phase7_collections.py::TestResourceMembership::test_remove_resources",
    "tests/integration/phase7_collections/test_phase7_collections.py::TestResourceMembership::test_add_resources_non_owner",
    "tests/integration/phase7_collections/test_phase7_collections.py::TestCollectionEmbedding::test_recompute_embedding",
    "tests/integration/phase7_collections/test_phase7_collections.py::TestCollectionEmbedding::test_recompute_embedding_empty_collection",
    "tests/integration/phase7_collections/test_phase7_collections.py::TestCollectionRecommendations::test_get_recommendations",
    "tests/integration/phase7_collections/test_phase7_collections.py::TestCollectionRecommendations::test_get_recommendations_no_embedding",
    "tests/integration/phase7_collections/test_phase7_collections.py::TestHierarchyValidation::test_validate_hierarchy_none_parent",
    "tests/integration/phase7_collections/test_phase7_collections.py::TestHierarchyValidation::test_validate_hierarchy_valid_parent",
    "tests/integration/phase7_collections/test_phase7_collections.py::TestHierarchyValidation::test_prevent_circular_reference_direct",
    "tests/integration/phase7_collections/test_phase7_collections.py::TestHierarchyValidation::test_prevent_circular_reference_two_level",
    "tests/integration/phase7_collections/test_phase7_collections.py::TestHierarchyValidation::test_prevent_circular_reference_multi_level",
    "tests/integration/phase7_collections/test_phase7_collections.py::TestHierarchyValidation::test_hierarchy_depth_limit",
    "tests/integration/phase7_collections/test_phase7_collections.py::TestHierarchyValidation::test_valid_multi_level_hierarchy",
    "tests/integration/phase7_collections/test_phase7_collections.py::TestHierarchyValidation::test_reparent_collection",
    "tests/integration/phase8_classification/test_classification_endpoints.py::test_classify_resource_endpoint",
    "tests/integration/phase8_classification/test_classification_endpoints.py::test_get_uncertain_samples_endpoint",
    "tests/integration/phase8_classification/test_classification_endpoints.py::test_submit_feedback_endpoint",
    "tests/integration/phase8_classification/test_classification_endpoints.py::test_train_classifier_endpoint",
    "tests/integration/phase8_classification/test_phase8_5_integration.py::test_active_learning_workflow",
    "tests/integration/phase8_classification/test_phase8_5_integration.py::test_semi_supervised_learning_workflow",
    "tests/integration/phase8_classification/test_phase8_5_integration.py::test_api_endpoints_integration",
    "tests/integration/phase8_classification/test_phase8_5_integration.py::test_classification_service_integration",
    "tests/integration/phase8_classification/test_phase8_5_integration.py::test_confidence_threshold_filtering",
    "tests/integration/phase8_classification/test_phase8_api_endpoints.py::test_three_way_hybrid_pagination",
    "tests/integration/phase9_quality/test_quality_api_endpoints.py::TestQualityDetailsEndpoint::test_get_quality_details_not_found",
    "tests/integration/phase9_quality/test_quality_api_endpoints.py::TestDegradationEndpoint::test_get_degradation_invalid_window",
    "tests/integration/phase9_quality/test_quality_endpoints_simple.py::test_quality_router_structure",
    "tests/integration/phase9_quality/test_quality_integration.py::test_quality_integration_in_ingestion",
    "tests/integration/phase9_quality/test_quality_integration.py::test_quality_integration_error_handling",
    "tests/integration/test_service_events.py::TestIngestionServiceEvents::test_ingestion_emits_started_and_completed_events",
    "tests/integration/test_service_events.py::TestIngestionServiceEvents::test_ingestion_failure_emits_failed_event",
    "tests/integration/test_service_events.py::TestUserInteractionEvents::test_track_interaction_emits_user_interaction_tracked",
    "tests/integration/test_service_events.py::TestUserInteractionEvents::test_multiple_interactions_emit_multiple_events",
    "tests/integration/test_service_events.py::TestEventDataCompleteness::test_user_interaction_event_has_required_fields",
    "tests/integration/test_service_events.py::TestEventPriorities::test_user_interaction_has_low_priority",
    "tests/integration/test_validation_scripts.py::TestReportGenerator::test_generate_markdown_report",
    "tests/integration/training/test_ab_testing.py::TestABTestingFramework::test_prediction_logging",
    "tests/integration/training/test_ab_testing.py::TestABTestingFramework::test_experiment_analysis",
    "tests/integration/training/test_ab_testing.py::TestABTestingFramework::test_promotion_logic_when_treatment_better",
    "tests/integration/training/test_classification_training.py::TestClassificationTrainer::test_end_to_end_training",
    "tests/integration/training/test_classification_training.py::TestClassificationTrainer::test_checkpoint_saving",
    "tests/integration/workflows/test_ai_integration.py::TestAIIntegration::test_ai_summary_generation",
    "tests/integration/workflows/test_ai_integration.py::TestAIWithRealIngestion::test_end_to_end_ai_processing",
    "tests/integration/workflows/test_api_endpoints.py::TestResourcesAPI::test_create_resource_success",
    "tests/integration/workflows/test_api_endpoints.py::TestResourcesAPI::test_create_resource_minimal_payload",
    "tests/integration/workflows/test_api_endpoints.py::TestResourcesAPI::test_create_resource_with_all_fields",
    "tests/integration/workflows/test_api_endpoints.py::TestResourcesAPI::test_create_resource_fetch_error",
    "tests/integration/workflows/test_api_endpoints.py::TestResourcesAPI::test_create_resource_network_timeout",
    "tests/integration/workflows/test_api_endpoints.py::TestResourcesAPI::test_create_resource_http_error",
    "tests/integration/workflows/test_api_endpoints.py::TestResourcesAPI::test_create_resource_archive_error",
    "tests/integration/workflows/test_api_endpoints.py::TestResourcesAPI::test_create_resource_database_error",
    "tests/integration/workflows/test_api_endpoints.py::TestResourcesAPI::test_create_resource_extra_fields",
    "tests/integration/workflows/test_api_endpoints.py::TestResourcesAPI::test_create_resource_response_model",
    "tests/integration/workflows/test_api_endpoints.py::TestResourcesAPI::test_create_resource_multiple_requests",
    "tests/integration/workflows/test_api_endpoints.py::TestResourcesAPI::test_create_resource_concurrent_requests",
    "tests/integration/workflows/test_api_endpoints.py::TestClassificationAPI::test_get_classification_tree",
    "tests/integration/workflows/test_integration.py::TestIngestionPipelineIntegration::test_complete_pipeline_success",
    "tests/integration/workflows/test_integration.py::TestIngestionPipelineIntegration::test_pipeline_with_ai_tag_generation",
    "tests/integration/workflows/test_integration.py::TestIngestionPipelineIntegration::test_pipeline_with_language_classification",
    "tests/integration/workflows/test_integration.py::TestIngestionPipelineIntegration::test_pipeline_quality_scoring",
    "tests/integration/workflows/test_integration.py::TestIngestionPipelineIntegration::test_pipeline_error_recovery",
    "tests/integration/workflows/test_integration.py::TestIngestionPipelineIntegration::test_pipeline_archive_structure",
    "tests/integration/workflows/test_integration.py::TestIngestionPipelineIntegration::test_pipeline_readability_calculation",
    "tests/ml_benchmarks/test_search_quality_metrics.py::TestSearchQualityMetrics::test_hybrid_search_ndcg",
    "tests/performance/phase10_graph_intelligence/test_phase10_performance.py::TestHNSWQueryPerformance::test_hnsw_query_latency[1000]",
    "tests/performance/phase10_graph_intelligence/test_phase10_performance.py::TestHNSWQueryPerformance::test_hnsw_query_latency[5000]",
    "tests/performance/phase10_graph_intelligence/test_phase10_performance.py::TestHNSWQueryPerformance::test_hnsw_query_latency[10000]",
    "tests/performance/phase10_graph_intelligence/test_phase10_performance.py::TestGraph2VecPerformance::test_graph2vec_computation_rate",
    "tests/performance/phase10_graph_intelligence/test_phase10_performance.py::TestMemoryUsage::test_hnsw_index_memory",
    "tests/performance/phase10_graph_intelligence/test_phase10_performance.py::TestDiscoveryPerformance::test_open_discovery_latency",
    "tests/performance/phase10_graph_intelligence/test_phase10_performance.py::TestDiscoveryPerformance::test_closed_discovery_latency",
    "tests/performance/test_ml_latency.py::TestMLLatency::test_search_query_latency",
    "tests/performance/test_performance.py::test_single_prediction_inference_time",
    "tests/performance/test_performance.py::test_ancestor_query_scalability",
    "tests/services/test_ml_classification_cqs.py::TestMLClassificationCQS::test_determine_ab_version_returns_version_with_experiment",
    "tests/services/test_ml_classification_cqs.py::TestMLClassificationCQS::test_log_to_ab_testing_is_modifier",
    "tests/services/test_ml_classification_cqs.py::TestMLClassificationCQS::test_predict_delegates_to_log_prediction",
    "tests/services/test_ml_classification_cqs.py::TestMLClassificationCQS::test_cqs_principle_separation",
    "tests/services/test_search_metrics_service.py::TestSearchMetricsService::test_compute_ndcg_worst_ranking",
    "tests/services/test_search_metrics_service.py::TestSearchMetricsService::test_compute_ndcg_with_k_limit",
    "tests/services/test_search_metrics_service.py::TestSearchMetricsService::test_compute_ndcg_missing_judgments",
    "tests/services/test_search_service.py::TestFtsSearch::test_fts_search_fallback",
    "tests/services/test_search_service.py::TestSearchIntegration::test_search_with_filters",
    "tests/services/test_search_service.py::TestSearchIntegration::test_search_without_text",
    "tests/services/test_search_service.py::TestSearchIntegration::test_search_pagination",
    "tests/services/test_search_service.py::TestSearchIntegration::test_search_sorting",
    "tests/services/test_search_service.py::TestFacets::test_facets_computation",
    "tests/services/test_search_service.py::TestFacets::test_facets_with_filters",
    "tests/services/test_sparse_embedding_service.py::TestSparseEmbeddingService::test_generate_sparse_embedding_with_mock_model",
    "tests/unit/core/test_resource_service.py::TestPendingResourceCreation::test_create_pending_resource_success",
    "tests/unit/core/test_resource_service.py::TestBackgroundIngestion::test_process_ingestion_success",
    "tests/unit/core/test_resource_service.py::TestBackgroundIngestion::test_process_ingestion_fetch_error",
    "tests/unit/core/test_resource_service.py::TestAsyncIngestionIntegration::test_async_ingestion_flow",
    "tests/unit/core/test_resource_service.py::TestAsyncIngestionIntegration::test_manual_classification_override_endpoint",
    "tests/unit/phase10_graph_intelligence/test_phase10_graph_construction.py::TestMultiLayerGraphConstruction::test_citation_edge_creation",
    "tests/unit/phase10_graph_intelligence/test_phase10_graph_construction.py::TestMultiLayerGraphConstruction::test_coauthorship_edge_creation",
    "tests/unit/phase10_graph_intelligence/test_phase10_graph_construction.py::TestMultiLayerGraphConstruction::test_subject_similarity_edge_creation",
    "tests/unit/phase10_graph_intelligence/test_phase10_graph_construction.py::TestMultiLayerGraphConstruction::test_temporal_edge_creation",
    "tests/unit/phase10_graph_intelligence/test_phase10_graph_construction.py::TestMultiLayerGraphConstruction::test_edge_weight_calculations",
    "tests/unit/phase10_graph_intelligence/test_phase10_lbd_discovery.py::TestLBDOpenDiscovery::test_abc_path_discovery",
    "tests/unit/phase10_graph_intelligence/test_phase10_lbd_discovery.py::TestLBDOpenDiscovery::test_direct_connection_exclusion",
    "tests/unit/phase10_graph_intelligence/test_phase10_lbd_discovery.py::TestLBDOpenDiscovery::test_plausibility_scoring",
    "tests/unit/phase10_graph_intelligence/test_phase10_lbd_discovery.py::TestLBDOpenDiscovery::test_min_plausibility_filtering",
    "tests/unit/phase10_graph_intelligence/test_phase10_lbd_discovery.py::TestLBDOpenDiscovery::test_hypothesis_storage",
    "tests/unit/phase10_graph_intelligence/test_phase10_lbd_discovery.py::TestLBDOpenDiscovery::test_ranking_by_plausibility",
    "tests/unit/phase10_graph_intelligence/test_phase10_neighbor_discovery.py::TestNeighborDiscovery::test_edge_type_filtering",
    "tests/unit/phase10_graph_intelligence/test_phase10_neighbor_discovery.py::TestNeighborDiscovery::test_min_weight_filtering",
    "tests/unit/phase11_recommendations/test_hybrid_recommendations.py::TestHybridScoring::test_rank_candidates_basic",
    "tests/unit/phase11_recommendations/test_hybrid_recommendations.py::TestHybridScoring::test_rank_candidates_with_missing_scores",
    "tests/unit/phase11_recommendations/test_hybrid_recommendations.py::TestNoveltyBoosting::test_apply_novelty_boost_basic",
    "tests/unit/phase11_recommendations/test_hybrid_recommendations.py::TestRecommendationGeneration::test_generate_recommendations_basic",
    "tests/unit/phase11_recommendations/test_hybrid_recommendations.py::TestRecommendationGeneration::test_generate_recommendations_with_quality_filters",
    "tests/unit/phase11_recommendations/test_hybrid_recommendations.py::TestGiniCoefficient::test_compute_gini_coefficient_basic",
    "tests/unit/phase11_recommendations/test_hybrid_recommendations.py::TestGiniCoefficient::test_compute_gini_coefficient_empty",
    "tests/unit/phase11_recommendations/test_hybrid_recommendations.py::TestGiniCoefficient::test_compute_gini_coefficient_uniform",
    "tests/unit/phase1_ingestion/test_ingestion_status.py::TestIngestionStatusTracking::test_status_endpoint_completed",
    "tests/unit/phase1_ingestion/test_ingestion_status.py::TestIngestionStatusTracking::test_status_endpoint_failed",
    "tests/unit/phase1_ingestion/test_ingestion_status.py::TestIngestionStatusTracking::test_status_timestamps_progression",
    "tests/unit/phase1_ingestion/test_ingestion_status.py::TestIngestionStatusPolling::test_polling_until_completion",
    "tests/unit/phase1_ingestion/test_ingestion_status.py::TestIngestionStatusPolling::test_polling_until_failure",
    "tests/unit/phase1_ingestion/test_ingestion_status.py::TestIngestionStatusConcurrency::test_concurrent_status_checks",
    "tests/unit/phase1_ingestion/test_ingestion_status.py::TestIngestionStatusConcurrency::test_status_during_processing",
    "tests/unit/phase2_curation/test_curation_service.py::TestCurationInterfaceQualityAnalysis::test_quality_analysis_comprehensive",
    "tests/unit/phase2_curation/test_curation_service.py::TestCurationInterfaceQualityAnalysis::test_improvement_suggestions_low_quality",
    "tests/unit/phase3_search/test_search_service.py::TestFtsSearch::test_fts_search_fallback",
    "tests/unit/phase3_search/test_search_service.py::TestSearchIntegration::test_search_with_filters",
    "tests/unit/phase3_search/test_search_service.py::TestSearchIntegration::test_search_without_text",
    "tests/unit/phase3_search/test_search_service.py::TestSearchIntegration::test_search_pagination",
    "tests/unit/phase3_search/test_search_service.py::TestSearchIntegration::test_search_sorting",
    "tests/unit/phase3_search/test_search_service.py::TestFacets::test_facets_computation",
    "tests/unit/phase3_search/test_search_service.py::TestFacets::test_facets_with_filters",
    "tests/unit/phase4_hybrid_search/test_sparse_embedding_service.py::TestSparseEmbeddingService::test_generate_sparse_embedding_with_mock_model",
    "tests/unit/phase7_collections/test_phase7_migration.py::test_alembic_version",
    "tests/unit/phase8_classification/test_ml_classification_model_loading.py::test_checkpoint_directory_structure",
    "tests/unit/phase8_classification/test_ml_classification_service.py::test_load_model_creates_checkpoint_dir",
    "tests/unit/phase8_classification/test_ml_classification_service.py::test_predict_returns_dict_with_confidence_scores",
    "tests/unit/phase8_classification/test_ml_classification_service.py::test_predict_respects_top_k_parameter",
    "tests/unit/phase8_classification/test_ml_classification_service.py::test_semi_supervised_iteration_generates_pseudo_labels",
    "tests/unit/phase8_classification/test_ml_classification_service.py::test_semi_supervised_iteration_filters_low_confidence",
    "tests/unit/phase8_classification/test_ml_classification_service.py::test_semi_supervised_iteration_retrains_with_lower_lr",
    "tests/unit/phase8_classification/test_ml_classification_service.py::test_update_from_human_feedback_removes_predicted_classifications",
    "tests/unit/phase8_classification/test_ml_classification_service.py::test_update_from_human_feedback_adds_manual_classifications",
    "tests/unit/phase8_classification/test_ml_classification_service.py::test_update_from_human_feedback_preserves_existing_manual",
    "tests/unit/phase8_classification/test_ml_classification_service.py::test_service_initialization_with_defaults",
    "tests/unit/phase8_classification/test_ml_classification_service.py::test_service_initialization_with_custom_params",
    "tests/unit/phase8_classification/test_ml_classification_service.py::test_end_to_end_workflow_simulation",
    "tests/unit/phase8_classification/test_ml_classification_service_basic.py::test_service_initialization",
    "tests/unit/phase8_classification/test_ml_classification_service_basic.py::test_custom_initialization",
    "tests/unit/phase8_classification/test_ml_training.py::test_training_methods",
    "tests/unit/phase8_classification/test_taxonomy_classification_standalone.py::test_classify_resource",
    "tests/unit/phase8_classification/test_taxonomy_classification_standalone.py::test_remove_existing_predicted",
    "tests/unit/phase8_classification/test_taxonomy_classification_standalone.py::test_update_resource_counts",
    "tests/unit/phase8_classification/test_taxonomy_classification_standalone.py::test_allow_resources_flag",
    "tests/unit/phase9_quality/test_degradation_monitoring.py::test_quality_degradation_monitoring",
    "tests/unit/phase9_quality/test_quality_service.py::TestContentQualityAnalyzer::test_text_readability",
    "tests/unit/phase9_quality/test_quality_service.py::TestContentQualityAnalyzer::test_normalize_reading_ease_middle_score",
    "tests/unit/phase9_quality/test_quality_service.py::TestContentQualityAnalyzer::test_overall_quality_with_text",
    "tests/unit/phase9_quality/test_quality_service.py::TestContentQualityAnalyzer::test_overall_quality_partial_metadata",
    "tests/unit/phase9_quality/test_quality_service.py::TestContentQualityAnalyzer::test_content_readability_enhanced",
    "tests/unit/phase9_quality/test_quality_service.py::TestContentQualityAnalyzer::test_content_readability_empty_text",
    "tests/unit/phase9_quality/test_quality_service.py::TestContentQualityAnalyzer::test_source_credibility_low_quality",
    "tests/unit/phase9_quality/test_quality_service.py::TestContentQualityAnalyzer::test_source_credibility_edge_cases",
    "tests/unit/phase9_quality/test_quality_service.py::TestContentQualityAnalyzer::test_content_depth_rich_content",
    "tests/unit/phase9_quality/test_quality_service.py::TestContentQualityAnalyzer::test_overall_quality_score_comprehensive",
    "tests/unit/phase9_quality/test_quality_service.py::TestContentQualityAnalyzer::test_overall_quality_score_low_quality",
    "tests/unit/test_celery_tasks.py::TestRecomputeQualityTask::test_successful_quality_recomputation",
    "tests/unit/test_discovery_hypothesis_compatibility.py::TestDiscoveryHypothesisCompatibility::test_backward_compatibility_properties",
    "tests/unit/test_discovery_hypothesis_compatibility.py::TestDiscoveryHypothesisCompatibility::test_backward_compatibility_setters",
    "tests/unit/test_discovery_hypothesis_compatibility.py::TestDiscoveryHypothesisCompatibility::test_query_with_new_field_names",
    "tests/unit/training/test_error_handling.py::TestOOMErrorHandling::test_oom_error_triggers_batch_size_reduction",
    "tests/unit/training/test_error_handling.py::TestOOMErrorHandling::test_oom_error_clears_gpu_cache",
    "tests/unit/training/test_error_handling.py::TestOOMErrorHandling::test_persistent_oom_error_provides_suggestions",
    "tests/unit/training/test_hyperparameter_search.py::TestHyperparameterSearchVisualization::test_visualize_results_creates_plots"
  ],
  "error_tests": [
    "tests/integration/phase10_graph_intelligence/test_phase10_integration.py::TestEndToEndDiscoveryWorkflow::test_complete_workflow",
    "tests/integration/phase10_graph_intelligence/test_phase10_integration.py::TestEndToEndDiscoveryWorkflow::test_closed_discovery_workflow",
    "tests/integration/phase10_graph_intelligence/test_phase10_integration.py::TestRecommendationIntegration::test_graph_based_recommendations",
    "tests/integration/phase10_graph_intelligence/test_phase10_integration.py::TestRecommendationIntegration::test_recommendation_fusion",
    "tests/integration/phase10_graph_intelligence/test_phase10_integration.py::TestRecommendationIntegration::test_hypothesis_based_recommendations",
    "tests/integration/phase10_graph_intelligence/test_phase10_integration.py::TestGraphCaching::test_graph_cache_reuse",
    "tests/integration/phase10_graph_intelligence/test_phase10_integration.py::TestGraphCaching::test_graph_cache_invalidation",
    "tests/integration/phase11_recommendations/test_recommendation_api.py::TestRecommendationsEndpoint::test_get_recommendations_default",
    "tests/integration/phase11_recommendations/test_recommendation_api.py::TestRecommendationsEndpoint::test_get_recommendations_with_limit",
    "tests/integration/phase11_recommendations/test_recommendation_api.py::TestRecommendationsEndpoint::test_get_recommendations_invalid_limit",
    "tests/integration/phase11_recommendations/test_recommendation_api.py::TestRecommendationsEndpoint::test_get_recommendations_with_strategy",
    "tests/integration/phase11_recommendations/test_recommendation_api.py::TestRecommendationsEndpoint::test_get_recommendations_invalid_strategy",
    "tests/integration/phase11_recommendations/test_recommendation_api.py::TestRecommendationsEndpoint::test_get_recommendations_with_diversity",
    "tests/integration/phase11_recommendations/test_recommendation_api.py::TestRecommendationsEndpoint::test_get_recommendations_with_min_quality",
    "tests/integration/phase11_recommendations/test_recommendation_api.py::TestRecommendationsEndpoint::test_get_recommendations_cold_start",
    "tests/integration/phase11_recommendations/test_recommendation_api.py::TestInteractionsEndpoint::test_track_view_interaction",
    "tests/integration/phase11_recommendations/test_recommendation_api.py::TestInteractionsEndpoint::test_track_annotation_interaction",
    "tests/integration/phase11_recommendations/test_recommendation_api.py::TestInteractionsEndpoint::test_track_rating_interaction",
    "tests/integration/phase11_recommendations/test_recommendation_api.py::TestInteractionsEndpoint::test_track_interaction_invalid_type",
    "tests/integration/phase11_recommendations/test_recommendation_api.py::TestInteractionsEndpoint::test_track_interaction_invalid_resource",
    "tests/integration/phase11_recommendations/test_recommendation_api.py::TestInteractionsEndpoint::test_track_interaction_invalid_uuid",
    "tests/integration/phase11_recommendations/test_recommendation_api.py::TestProfileEndpoints::test_get_profile",
    "tests/integration/phase11_recommendations/test_recommendation_api.py::TestProfileEndpoints::test_get_profile_creates_if_not_exists",
    "tests/integration/phase11_recommendations/test_recommendation_api.py::TestProfileEndpoints::test_update_profile_preferences",
    "tests/integration/phase11_recommendations/test_recommendation_api.py::TestProfileEndpoints::test_update_profile_research_domains",
    "tests/integration/phase11_recommendations/test_recommendation_api.py::TestProfileEndpoints::test_update_profile_excluded_sources",
    "tests/integration/phase11_recommendations/test_recommendation_api.py::TestProfileEndpoints::test_update_profile_invalid_preference_range",
    "tests/integration/phase11_recommendations/test_recommendation_api.py::TestFeedbackEndpoint::test_submit_feedback_clicked",
    "tests/integration/phase11_recommendations/test_recommendation_api.py::TestFeedbackEndpoint::test_submit_feedback_with_usefulness",
    "tests/integration/phase11_recommendations/test_recommendation_api.py::TestFeedbackEndpoint::test_submit_feedback_not_clicked",
    "tests/integration/phase11_recommendations/test_recommendation_api.py::TestFeedbackEndpoint::test_submit_feedback_invalid_resource",
    "tests/integration/phase11_recommendations/test_recommendation_api.py::TestFeedbackEndpoint::test_submit_feedback_invalid_uuid",
    "tests/integration/phase11_recommendations/test_recommendation_api.py::TestEndToEndWorkflow::test_complete_recommendation_workflow",
    "tests/integration/phase11_recommendations/test_recommendation_api.py::TestEndToEndWorkflow::test_profile_update_affects_recommendations",
    "tests/integration/phase1_ingestion/test_resource_ingestion_classification.py::test_classification_executes_after_embeddings",
    "tests/integration/phase5_graph/test_phase55_recommendations.py::TestRecommendationService::test_generate_recommendations_full_flow",
    "tests/integration/phase5_graph/test_phase55_recommendations.py::TestRecommendationService::test_generate_recommendations_empty_library",
    "tests/integration/phase5_graph/test_phase55_recommendations.py::TestRecommendationService::test_generate_recommendations_single_resource",
    "tests/integration/phase5_graph/test_phase55_recommendations.py::TestRecommendationAPI::test_get_recommendations_success",
    "tests/integration/phase5_graph/test_phase55_recommendations.py::TestRecommendationAPI::test_get_recommendations_with_limit",
    "tests/integration/phase5_graph/test_phase55_recommendations.py::TestRecommendationAPI::test_get_recommendations_invalid_limit",
    "tests/integration/phase5_graph/test_phase55_recommendations.py::TestRecommendationAPI::test_get_recommendations_empty_library",
    "tests/integration/phase5_graph/test_phase55_recommendations.py::TestRecommendationAPI::test_duplicate_filtering",
    "tests/integration/phase5_graph/test_phase55_recommendations.py::TestRecommendationAPI::test_relevance_score_ordering",
    "tests/integration/phase5_graph/test_phase55_recommendations.py::TestEdgeCases::test_malformed_embeddings",
    "tests/integration/phase5_graph/test_phase55_recommendations.py::TestEdgeCases::test_mixed_embedding_dimensions",
    "tests/integration/phase5_graph/test_phase55_recommendations.py::TestPerformance::test_large_library_performance",
    "tests/integration/phase5_graph/test_phase55_recommendations.py::TestPerformance::test_caching_behavior",
    "tests/integration/phase6_citations/test_phase6_5_scholarly.py::TestMetadataExtraction::test_extract_doi_from_text",
    "tests/integration/phase6_citations/test_phase6_5_scholarly.py::TestMetadataExtraction::test_extract_arxiv_id",
    "tests/integration/phase6_citations/test_phase6_5_scholarly.py::TestMetadataExtraction::test_extract_publication_year",
    "tests/integration/phase6_citations/test_phase6_5_scholarly.py::TestMetadataExtraction::test_compute_completeness_score",
    "tests/integration/phase6_citations/test_phase6_5_scholarly.py::TestMetadataExtraction::test_compute_confidence_score",
    "tests/integration/phase6_citations/test_phase6_5_scholarly.py::TestScholarlyIntegration::test_resource_model_has_scholarly_fields",
    "tests/integration/phase6_citations/test_phase6_5_scholarly.py::TestScholarlyIntegration::test_extract_scholarly_metadata_integration",
    "tests/integration/phase9_quality/test_quality_api_endpoints.py::TestQualityDetailsEndpoint::test_get_quality_details_success",
    "tests/integration/phase9_quality/test_quality_api_endpoints.py::TestQualityDetailsEndpoint::test_get_quality_details_no_quality_computed",
    "tests/integration/phase9_quality/test_quality_api_endpoints.py::TestQualityRecalculateEndpoint::test_recalculate_single_resource",
    "tests/integration/phase9_quality/test_quality_api_endpoints.py::TestQualityRecalculateEndpoint::test_recalculate_multiple_resources",
    "tests/integration/phase9_quality/test_quality_api_endpoints.py::TestQualityRecalculateEndpoint::test_recalculate_with_custom_weights",
    "tests/integration/phase9_quality/test_quality_api_endpoints.py::TestQualityRecalculateEndpoint::test_recalculate_invalid_weights_sum",
    "tests/integration/phase9_quality/test_quality_api_endpoints.py::TestQualityRecalculateEndpoint::test_recalculate_missing_dimension",
    "tests/integration/phase9_quality/test_quality_api_endpoints.py::TestOutliersEndpoint::test_get_outliers_success",
    "tests/integration/phase9_quality/test_quality_api_endpoints.py::TestOutliersEndpoint::test_get_outliers_with_pagination",
    "tests/integration/phase9_quality/test_quality_api_endpoints.py::TestOutliersEndpoint::test_get_outliers_filter_by_score",
    "tests/integration/phase9_quality/test_quality_api_endpoints.py::TestOutliersEndpoint::test_get_outliers_filter_by_reason",
    "tests/integration/phase9_quality/test_quality_api_endpoints.py::TestOutliersEndpoint::test_get_outliers_empty_result",
    "tests/integration/phase9_quality/test_quality_api_endpoints.py::TestDegradationEndpoint::test_get_degradation_report",
    "tests/integration/phase9_quality/test_quality_api_endpoints.py::TestSummaryEvaluationEndpoint::test_evaluate_summary_success",
    "tests/integration/phase9_quality/test_quality_api_endpoints.py::TestSummaryEvaluationEndpoint::test_evaluate_summary_with_g_eval",
    "tests/integration/phase9_quality/test_quality_api_endpoints.py::TestSummaryEvaluationEndpoint::test_evaluate_summary_no_summary",
    "tests/integration/phase9_quality/test_quality_api_endpoints.py::TestQualityDistributionEndpoint::test_get_distribution_default",
    "tests/integration/phase9_quality/test_quality_api_endpoints.py::TestQualityDistributionEndpoint::test_get_distribution_specific_dimension",
    "tests/integration/phase9_quality/test_quality_api_endpoints.py::TestQualityDistributionEndpoint::test_get_distribution_custom_bins",
    "tests/integration/phase9_quality/test_quality_api_endpoints.py::TestQualityTrendsEndpoint::test_get_trends_daily",
    "tests/integration/phase9_quality/test_quality_api_endpoints.py::TestQualityTrendsEndpoint::test_get_trends_with_date_range",
    "tests/integration/phase9_quality/test_quality_api_endpoints.py::TestDimensionAveragesEndpoint::test_get_dimension_averages",
    "tests/integration/phase9_quality/test_quality_api_endpoints.py::TestReviewQueueEndpoint::test_get_review_queue",
    "tests/integration/phase9_quality/test_quality_api_endpoints.py::TestReviewQueueEndpoint::test_get_review_queue_with_pagination",
    "tests/integration/phase9_quality/test_quality_api_endpoints.py::TestReviewQueueEndpoint::test_get_review_queue_sort_by_score",
    "tests/integration/phase9_quality/test_quality_api_endpoints.py::TestReviewQueueEndpoint::test_get_review_queue_empty",
    "tests/integration/phase9_quality/test_quality_workflows_integration.py::TestEndToEndQualityAssessment::test_resource_creation_to_quality_score",
    "tests/integration/phase9_quality/test_quality_workflows_integration.py::TestEndToEndQualityAssessment::test_quality_with_phase6_citations",
    "tests/integration/phase9_quality/test_quality_workflows_integration.py::TestEndToEndQualityAssessment::test_quality_with_phase65_scholarly_metadata",
    "tests/integration/phase9_quality/test_quality_workflows_integration.py::TestEndToEndQualityAssessment::test_quality_with_phase85_classification",
    "tests/integration/phase9_quality/test_quality_workflows_integration.py::TestSummarizationEvaluationWorkflow::test_summary_generation_to_evaluation",
    "tests/integration/phase9_quality/test_quality_workflows_integration.py::TestOutlierDetectionWorkflow::test_batch_outlier_detection",
    "tests/integration/phase9_quality/test_quality_workflows_integration.py::TestQualityDegradationWorkflow::test_time_based_degradation_monitoring",
    "tests/integration/phase9_quality/test_quality_workflows_integration.py::TestCrossPhaseIntegration::test_complete_resource_lifecycle",
    "tests/performance/phase9_quality/test_quality_performance.py::TestQualityComputationLatency::test_single_resource_latency",
    "tests/performance/phase9_quality/test_quality_performance.py::TestQualityComputationLatency::test_average_latency_multiple_resources",
    "tests/performance/phase9_quality/test_quality_performance.py::TestBatchQualityComputationThroughput::test_batch_throughput_100_resources",
    "tests/performance/phase9_quality/test_quality_performance.py::TestBatchQualityComputationThroughput::test_batch_computation_scales_linearly",
    "tests/performance/phase9_quality/test_quality_performance.py::TestOutlierDetectionPerformance::test_outlier_detection_1000_resources",
    "tests/performance/phase9_quality/test_quality_performance.py::TestOutlierDetectionPerformance::test_outlier_detection_with_batching",
    "tests/performance/phase9_quality/test_quality_performance.py::TestSummarizationEvaluationLatency::test_evaluation_without_g_eval_latency",
    "tests/performance/phase9_quality/test_quality_performance.py::TestDegradationMonitoringPerformance::test_degradation_monitoring_performance",
    "tests/performance/phase9_quality/test_quality_performance.py::TestMemoryUsage::test_batch_processing_memory_efficiency",
    "tests/performance/phase9_quality/test_quality_performance.py::TestMemoryUsage::test_outlier_detection_memory_efficiency",
    "tests/performance/phase9_quality/test_quality_performance.py::TestConcurrentOperations::test_concurrent_quality_computations",
    "tests/unit/phase11_recommendations/test_collaborative_filtering.py::TestCollaborativeFilteringService::test_service_initialization",
    "tests/unit/phase11_recommendations/test_collaborative_filtering.py::TestCollaborativeFilteringService::test_device_selection",
    "tests/unit/phase11_recommendations/test_collaborative_filtering.py::TestCollaborativeFilteringService::test_train_model_insufficient_data",
    "tests/unit/phase11_recommendations/test_collaborative_filtering.py::TestCollaborativeFilteringService::test_train_model_success",
    "tests/unit/phase11_recommendations/test_collaborative_filtering.py::TestCollaborativeFilteringService::test_save_and_load_model",
    "tests/unit/phase11_recommendations/test_collaborative_filtering.py::TestCollaborativeFilteringService::test_predict_score_no_model",
    "tests/unit/phase11_recommendations/test_collaborative_filtering.py::TestCollaborativeFilteringService::test_predict_score_unknown_user",
    "tests/unit/phase11_recommendations/test_collaborative_filtering.py::TestCollaborativeFilteringService::test_predict_score_unknown_resource",
    "tests/unit/phase11_recommendations/test_collaborative_filtering.py::TestCollaborativeFilteringService::test_predict_score_success",
    "tests/unit/phase11_recommendations/test_collaborative_filtering.py::TestCollaborativeFilteringService::test_get_top_recommendations_no_model",
    "tests/unit/phase11_recommendations/test_collaborative_filtering.py::TestCollaborativeFilteringService::test_get_top_recommendations_unknown_user",
    "tests/unit/phase11_recommendations/test_collaborative_filtering.py::TestCollaborativeFilteringService::test_get_top_recommendations_no_valid_candidates",
    "tests/unit/phase11_recommendations/test_collaborative_filtering.py::TestCollaborativeFilteringService::test_get_top_recommendations_success",
    "tests/unit/phase11_recommendations/test_collaborative_filtering.py::TestCollaborativeFilteringService::test_get_top_recommendations_respects_limit",
    "tests/unit/phase11_recommendations/test_collaborative_filtering.py::TestCollaborativeFilteringService::test_save_model_error_handling",
    "tests/unit/phase11_recommendations/test_collaborative_filtering.py::TestCollaborativeFilteringService::test_load_model_error_handling",
    "tests/unit/phase9_quality/test_quality_degradation_unit.py::TestMonitorQualityDegradation::test_degradation_detection_significant_drop",
    "tests/unit/phase9_quality/test_quality_degradation_unit.py::TestMonitorQualityDegradation::test_degradation_no_significant_change",
    "tests/unit/phase9_quality/test_quality_degradation_unit.py::TestMonitorQualityDegradation::test_degradation_quality_improvement",
    "tests/unit/phase9_quality/test_quality_degradation_unit.py::TestMonitorQualityDegradation::test_degradation_custom_time_window",
    "tests/unit/phase9_quality/test_quality_degradation_unit.py::TestMonitorQualityDegradation::test_degradation_threshold_boundary",
    "tests/unit/phase9_quality/test_quality_degradation_unit.py::TestMonitorQualityDegradation::test_degradation_multiple_resources",
    "tests/unit/phase9_quality/test_quality_degradation_unit.py::TestMonitorQualityDegradation::test_degradation_report_structure",
    "tests/unit/phase9_quality/test_quality_degradation_unit.py::TestMonitorQualityDegradation::test_degradation_no_resources_in_window",
    "tests/unit/phase9_quality/test_quality_degradation_unit.py::TestMonitorQualityDegradation::test_degradation_updates_quality_scores",
    "tests/unit/phase9_quality/test_quality_dimensions.py::TestComputeAccuracy::test_accuracy_with_valid_citations",
    "tests/unit/phase9_quality/test_quality_dimensions.py::TestComputeAccuracy::test_accuracy_with_invalid_citations",
    "tests/unit/phase9_quality/test_quality_dimensions.py::TestComputeAccuracy::test_accuracy_without_citations",
    "tests/unit/phase9_quality/test_quality_dimensions.py::TestComputeAccuracy::test_accuracy_with_scholarly_metadata",
    "tests/unit/phase9_quality/test_quality_dimensions.py::TestComputeAccuracy::test_accuracy_with_credible_source",
    "tests/unit/phase9_quality/test_quality_dimensions.py::TestComputeCompleteness::test_completeness_minimal_fields",
    "tests/unit/phase9_quality/test_quality_dimensions.py::TestComputeCompleteness::test_completeness_with_important_fields",
    "tests/unit/phase9_quality/test_quality_dimensions.py::TestComputeCompleteness::test_completeness_with_scholarly_fields",
    "tests/unit/phase9_quality/test_quality_dimensions.py::TestComputeCompleteness::test_completeness_fully_populated",
    "tests/unit/phase9_quality/test_quality_dimensions.py::TestComputeConsistency::test_consistency_with_aligned_title_content",
    "tests/unit/phase9_quality/test_quality_dimensions.py::TestComputeConsistency::test_consistency_with_misaligned_title_content",
    "tests/unit/phase9_quality/test_quality_dimensions.py::TestComputeConsistency::test_consistency_with_summary",
    "tests/unit/phase9_quality/test_quality_dimensions.py::TestComputeTimeliness::test_timeliness_recent_publication",
    "tests/unit/phase9_quality/test_quality_dimensions.py::TestComputeTimeliness::test_timeliness_old_publication",
    "tests/unit/phase9_quality/test_quality_dimensions.py::TestComputeTimeliness::test_timeliness_recent_ingestion",
    "tests/unit/phase9_quality/test_quality_dimensions.py::TestComputeTimeliness::test_timeliness_no_publication_date",
    "tests/unit/phase9_quality/test_quality_dimensions.py::TestComputeRelevance::test_relevance_with_classification",
    "tests/unit/phase9_quality/test_quality_dimensions.py::TestComputeRelevance::test_relevance_with_citations",
    "tests/unit/phase9_quality/test_quality_dimensions.py::TestComputeRelevance::test_relevance_without_data",
    "tests/unit/phase9_quality/test_quality_dimensions.py::TestComputeQuality::test_compute_quality_default_weights",
    "tests/unit/phase9_quality/test_quality_dimensions.py::TestComputeQuality::test_compute_quality_custom_weights",
    "tests/unit/phase9_quality/test_quality_dimensions.py::TestComputeQuality::test_compute_quality_invalid_weights_sum",
    "tests/unit/phase9_quality/test_quality_dimensions.py::TestComputeQuality::test_compute_quality_missing_dimension",
    "tests/unit/phase9_quality/test_quality_dimensions.py::TestComputeQuality::test_compute_quality_backward_compatibility",
    "tests/unit/phase9_quality/test_recommendation_quality_integration.py::test_generate_user_profile_vector_excludes_outliers",
    "tests/unit/phase9_quality/test_recommendation_quality_integration.py::test_generate_user_profile_vector_with_min_quality",
    "tests/unit/phase9_quality/test_recommendation_quality_integration.py::test_get_graph_based_recommendations_excludes_outliers",
    "tests/unit/phase9_quality/test_recommendation_quality_integration.py::test_generate_recommendations_with_graph_fusion_quality_boost",
    "tests/unit/phase9_quality/test_recommendation_quality_integration.py::test_generate_recommendations_with_graph_fusion_filters_outliers",
    "tests/unit/phase9_quality/test_recommendation_quality_integration.py::test_generate_recommendations_with_min_quality_filter",
    "tests/unit/phase9_quality/test_summarization_evaluator.py::TestGEvalMethods::test_g_eval_coherence_success",
    "tests/unit/phase9_quality/test_summarization_evaluator.py::TestGEvalMethods::test_g_eval_consistency_success",
    "tests/unit/phase9_quality/test_summarization_evaluator.py::TestGEvalMethods::test_g_eval_fluency_success",
    "tests/unit/phase9_quality/test_summarization_evaluator.py::TestGEvalMethods::test_g_eval_relevance_success",
    "tests/unit/phase9_quality/test_summarization_evaluator.py::TestGEvalMethods::test_g_eval_api_error_fallback",
    "tests/unit/phase9_quality/test_summarization_evaluator.py::TestGEvalMethods::test_g_eval_without_api_key",
    "tests/unit/phase9_quality/test_summarization_evaluator.py::TestGEvalMethods::test_g_eval_parse_rating_variations",
    "tests/unit/phase9_quality/test_summarization_evaluator.py::TestFineSureMetrics::test_finesure_completeness_good_coverage",
    "tests/unit/phase9_quality/test_summarization_evaluator.py::TestFineSureMetrics::test_finesure_completeness_poor_coverage",
    "tests/unit/phase9_quality/test_summarization_evaluator.py::TestFineSureMetrics::test_finesure_completeness_empty_summary",
    "tests/unit/phase9_quality/test_summarization_evaluator.py::TestFineSureMetrics::test_finesure_conciseness_optimal_ratio",
    "tests/unit/phase9_quality/test_summarization_evaluator.py::TestFineSureMetrics::test_finesure_conciseness_too_long",
    "tests/unit/phase9_quality/test_summarization_evaluator.py::TestFineSureMetrics::test_finesure_conciseness_too_short",
    "tests/unit/phase9_quality/test_summarization_evaluator.py::TestBERTScore::test_bertscore_success",
    "tests/unit/phase9_quality/test_summarization_evaluator.py::TestBERTScore::test_bertscore_error_fallback",
    "tests/unit/phase9_quality/test_summarization_evaluator.py::TestBERTScore::test_bertscore_model_configuration",
    "tests/unit/phase9_quality/test_summarization_evaluator.py::TestEvaluateSummary::test_evaluate_summary_with_g_eval",
    "tests/unit/phase9_quality/test_summarization_evaluator.py::TestEvaluateSummary::test_evaluate_summary_without_g_eval",
    "tests/unit/phase9_quality/test_summarization_evaluator.py::TestEvaluateSummary::test_evaluate_summary_no_summary",
    "tests/unit/phase9_quality/test_summarization_evaluator.py::TestEvaluateSummary::test_evaluate_summary_composite_calculation"
  ]
}